2024-06-20 03:02:26 - INFO - HTTP Request: POST https://ichjbszsumappniurghl.supabase.co/auth/v1/token?grant_type=password "HTTP/1.1 400 Bad Request"
2024-06-20 03:02:36 - INFO - HTTP Request: POST https://ichjbszsumappniurghl.supabase.co/auth/v1/token?grant_type=password "HTTP/1.1 200 OK"
2024-06-20 03:03:30 - INFO - HTTP Request: POST https://ichjbszsumappniurghl.supabase.co/auth/v1/token?grant_type=password "HTTP/1.1 400 Bad Request"
2024-06-20 03:03:37 - INFO - HTTP Request: POST https://ichjbszsumappniurghl.supabase.co/auth/v1/token?grant_type=password "HTTP/1.1 200 OK"
2024-06-20 03:04:30 - INFO - HTTP Request: POST https://ichjbszsumappniurghl.supabase.co/auth/v1/token?grant_type=password "HTTP/1.1 400 Bad Request"
2024-06-20 03:04:37 - INFO - HTTP Request: POST https://ichjbszsumappniurghl.supabase.co/auth/v1/token?grant_type=password "HTTP/1.1 200 OK"
2024-06-20 03:04:58 - INFO - HTTP Request: POST https://ichjbszsumappniurghl.supabase.co/auth/v1/token?grant_type=password "HTTP/1.1 200 OK"
2024-06-20 03:07:06 - INFO - HTTP Request: POST https://ichjbszsumappniurghl.supabase.co/auth/v1/token?grant_type=password "HTTP/1.1 400 Bad Request"
2024-06-20 03:07:09 - INFO - HTTP Request: POST https://ichjbszsumappniurghl.supabase.co/auth/v1/token?grant_type=password "HTTP/1.1 200 OK"
2024-06-20 03:07:44 - INFO - HTTP Request: POST https://ichjbszsumappniurghl.supabase.co/auth/v1/token?grant_type=password "HTTP/1.1 200 OK"
2024-06-20 03:08:34 - INFO - HTTP Request: POST https://ichjbszsumappniurghl.supabase.co/auth/v1/token?grant_type=password "HTTP/1.1 200 OK"
2024-06-20 03:08:46 - INFO - HTTP Request: POST https://ichjbszsumappniurghl.supabase.co/auth/v1/token?grant_type=password "HTTP/1.1 200 OK"
2024-06-20 03:09:10 - INFO - HTTP Request: POST https://ichjbszsumappniurghl.supabase.co/auth/v1/token?grant_type=password "HTTP/1.1 400 Bad Request"
2024-06-20 03:09:14 - INFO - HTTP Request: POST https://ichjbszsumappniurghl.supabase.co/auth/v1/token?grant_type=password "HTTP/1.1 400 Bad Request"
2024-06-20 03:09:18 - INFO - HTTP Request: POST https://ichjbszsumappniurghl.supabase.co/auth/v1/token?grant_type=password "HTTP/1.1 200 OK"
2024-06-20 03:09:41 - INFO - HTTP Request: POST https://ichjbszsumappniurghl.supabase.co/auth/v1/token?grant_type=password "HTTP/1.1 200 OK"
2024-06-20 03:11:01 - INFO - HTTP Request: POST https://ichjbszsumappniurghl.supabase.co/auth/v1/token?grant_type=password "HTTP/1.1 400 Bad Request"
2024-06-20 03:11:05 - INFO - HTTP Request: POST https://ichjbszsumappniurghl.supabase.co/auth/v1/token?grant_type=password "HTTP/1.1 200 OK"
2024-06-20 03:13:04 - INFO - HTTP Request: POST https://ichjbszsumappniurghl.supabase.co/auth/v1/token?grant_type=password "HTTP/1.1 200 OK"
2024-06-20 03:14:14 - INFO - HTTP Request: POST https://ichjbszsumappniurghl.supabase.co/auth/v1/token?grant_type=password "HTTP/1.1 200 OK"
2024-06-20 03:14:49 - INFO - HTTP Request: POST https://ichjbszsumappniurghl.supabase.co/auth/v1/token?grant_type=password "HTTP/1.1 200 OK"
2024-06-20 03:15:31 - INFO - HTTP Request: POST https://ichjbszsumappniurghl.supabase.co/auth/v1/token?grant_type=password "HTTP/1.1 200 OK"
2024-06-20 03:17:55 - INFO - HTTP Request: POST https://ichjbszsumappniurghl.supabase.co/auth/v1/token?grant_type=password "HTTP/1.1 200 OK"
2024-06-20 03:19:04 - INFO - HTTP Request: POST https://ichjbszsumappniurghl.supabase.co/auth/v1/token?grant_type=password "HTTP/1.1 200 OK"
2024-06-20 03:19:59 - INFO - HTTP Request: POST https://ichjbszsumappniurghl.supabase.co/auth/v1/token?grant_type=password "HTTP/1.1 200 OK"
2024-06-20 03:25:11 - INFO - HTTP Request: POST https://ichjbszsumappniurghl.supabase.co/auth/v1/token?grant_type=password "HTTP/1.1 200 OK"
2024-06-20 03:25:55 - INFO - HTTP Request: POST https://ichjbszsumappniurghl.supabase.co/auth/v1/token?grant_type=password "HTTP/1.1 400 Bad Request"
2024-06-20 03:25:59 - INFO - HTTP Request: POST https://ichjbszsumappniurghl.supabase.co/auth/v1/token?grant_type=password "HTTP/1.1 200 OK"
2024-06-20 03:27:49 - INFO - HTTP Request: POST https://ichjbszsumappniurghl.supabase.co/auth/v1/token?grant_type=password "HTTP/1.1 200 OK"
2024-06-20 03:33:08 - INFO - HTTP Request: POST https://ichjbszsumappniurghl.supabase.co/auth/v1/token?grant_type=password "HTTP/1.1 200 OK"
2024-06-20 03:44:37 - INFO - HTTP Request: POST https://ichjbszsumappniurghl.supabase.co/auth/v1/token?grant_type=password "HTTP/1.1 200 OK"
2024-06-20 03:46:08 - INFO - HTTP Request: POST https://ichjbszsumappniurghl.supabase.co/auth/v1/logout?scope=global "HTTP/1.1 204 No Content"
2024-06-20 04:14:55 - INFO - HTTP Request: POST https://ichjbszsumappniurghl.supabase.co/auth/v1/token?grant_type=password "HTTP/1.1 400 Bad Request"
2024-06-20 04:15:00 - INFO - HTTP Request: POST https://ichjbszsumappniurghl.supabase.co/auth/v1/token?grant_type=password "HTTP/1.1 200 OK"
2024-06-21 23:15:21 - INFO - HTTP Request: POST https://ichjbszsumappniurghl.supabase.co/auth/v1/token?grant_type=password "HTTP/1.1 200 OK"
2024-06-21 23:15:25 - ERROR - Error code: <Response [403]>
2024-06-21 23:15:25 - INFO - Please check if you have added the bot to the file...
2024-06-21 23:18:28 - INFO - HTTP Request: POST https://ichjbszsumappniurghl.supabase.co/auth/v1/token?grant_type=password "HTTP/1.1 200 OK"
2024-06-21 23:18:32 - ERROR - Error code: <Response [403]>
2024-06-21 23:18:32 - INFO - Please check if you have added the bot to the file...
2024-06-21 23:23:44 - INFO - HTTP Request: POST https://ichjbszsumappniurghl.supabase.co/auth/v1/token?grant_type=password "HTTP/1.1 200 OK"
2024-06-21 23:23:46 - ERROR - Error code: <Response [403]>
2024-06-21 23:23:46 - INFO - Please check if you have added the bot to the file...
2024-06-21 23:25:26 - INFO - HTTP Request: POST https://ichjbszsumappniurghl.supabase.co/auth/v1/token?grant_type=password "HTTP/1.1 200 OK"
2024-06-21 23:25:30 - ERROR - Error code: <Response [403]>
2024-06-21 23:25:30 - INFO - Please check if you have added the bot to the file...
2024-06-21 23:26:45 - INFO - HTTP Request: POST https://ichjbszsumappniurghl.supabase.co/auth/v1/token?grant_type=password "HTTP/1.1 200 OK"
2024-06-21 23:31:35 - INFO - HTTP Request: POST https://ichjbszsumappniurghl.supabase.co/auth/v1/token?grant_type=password "HTTP/1.1 200 OK"
2024-06-21 23:36:48 - INFO - HTTP Request: POST https://ichjbszsumappniurghl.supabase.co/auth/v1/token?grant_type=password "HTTP/1.1 200 OK"
2024-06-21 23:37:43 - INFO - HTTP Request: POST https://ichjbszsumappniurghl.supabase.co/auth/v1/token?grant_type=password "HTTP/1.1 200 OK"
2024-06-21 23:38:16 - INFO - HTTP Request: POST https://ichjbszsumappniurghl.supabase.co/auth/v1/token?grant_type=password "HTTP/1.1 200 OK"
2024-06-21 23:40:57 - INFO - HTTP Request: POST https://ichjbszsumappniurghl.supabase.co/auth/v1/token?grant_type=password "HTTP/1.1 200 OK"
2024-06-21 23:42:43 - INFO - HTTP Request: POST https://ichjbszsumappniurghl.supabase.co/auth/v1/token?grant_type=password "HTTP/1.1 200 OK"
2024-06-21 23:43:16 - INFO - HTTP Request: POST https://ichjbszsumappniurghl.supabase.co/auth/v1/token?grant_type=password "HTTP/1.1 200 OK"
2024-06-21 23:44:21 - INFO - HTTP Request: POST https://ichjbszsumappniurghl.supabase.co/auth/v1/token?grant_type=password "HTTP/1.1 200 OK"
2024-06-21 23:44:49 - INFO - HTTP Request: POST https://ichjbszsumappniurghl.supabase.co/auth/v1/token?grant_type=password "HTTP/1.1 200 OK"
2024-06-21 23:46:59 - INFO - HTTP Request: POST https://ichjbszsumappniurghl.supabase.co/auth/v1/token?grant_type=password "HTTP/1.1 200 OK"
2024-06-21 23:50:19 - INFO - HTTP Request: POST https://ichjbszsumappniurghl.supabase.co/auth/v1/token?grant_type=password "HTTP/1.1 200 OK"
